<?xml version="1.0" encoding="UTF-8"?>
<!-- Generated by org.testng.reporters.JUnitReportReporter -->
<testsuite skipped="0" hostname="SBR-DEVPTL-07" name="com.test.TestNGBasics" tests="3" failures="0" timestamp="15 Aug 2018 11:53:14 GMT" time="0.020" errors="0">
  <testcase name="searchTest" time="0.004" classname="com.test.TestNGBasics"/>
  <testcase name="googleTitleTest" time="0.004" classname="com.test.TestNGBasics"/>
  <testcase name="googleLogoTest" time="0.012" classname="com.test.TestNGBasics"/>
</testsuite> <!-- com.test.TestNGBasics -->
