<?xml version="1.0" encoding="UTF-8"?>
<!-- Generated by org.testng.reporters.JUnitReportReporter -->
<testsuite skipped="0" hostname="SBR-DEVPTL-07" name="com.test.GoogleTest" tests="3" failures="0" timestamp="15 Aug 2018 11:26:09 GMT" time="29.262" errors="0">
  <testcase name="googleTitleTest" time="8.812" classname="com.test.GoogleTest"/>
  <testcase name="googleLogoTest" time="8.518" classname="com.test.GoogleTest"/>
  <testcase name="mailLinkTest" time="11.932" classname="com.test.GoogleTest"/>
</testsuite> <!-- com.test.GoogleTest -->
