<?xml version="1.0" encoding="UTF-8"?>
<!-- Generated by org.testng.reporters.JUnitReportReporter -->
<testsuite skipped="0" hostname="SBR-DEVPTL-07" name="com.dataprovider.DataProvierTest" tests="4" failures="0" timestamp="15 Aug 2018 15:25:38 GMT" time="96.672" errors="0">
  <testcase name="ebayReg" time="31.493" classname="com.dataprovider.DataProvierTest"/>
  <testcase name="ebayReg" time="24.460" classname="com.dataprovider.DataProvierTest"/>
  <testcase name="ebayReg" time="21.348" classname="com.dataprovider.DataProvierTest"/>
  <testcase name="ebayReg" time="19.371" classname="com.dataprovider.DataProvierTest"/>
</testsuite> <!-- com.dataprovider.DataProvierTest -->
