<?xml version="1.0" encoding="UTF-8"?>
<!-- Generated by org.testng.reporters.JUnitReportReporter -->
<testsuite skipped="0" hostname="SBR-DEVPTL-07" name="com.parameters.ParameterTest" tests="1" failures="0" timestamp="15 Aug 2018 12:00:32 GMT" time="18.161" errors="0">
  <testcase name="gmailLoginTest" time="18.161" classname="com.parameters.ParameterTest"/>
</testsuite> <!-- com.parameters.ParameterTest -->
